[2021-08-17 10:47:56:3553][restartedMain] DEBUG net.lunalabs.hl7gw.emul.Emulator - connected refused!!!
[2021-08-17 10:49:10:77959][restartedMain] INFO  net.lunalabs.hl7gw.emul.Emulator - [ESMLC Listen[] Socket Accept EsmlcIfWorkThread Start
[2021-08-17 10:49:10:77968][taskExecutor-1] DEBUG net.lunalabs.hl7gw.emul.Emulator - 첫번째  while문
[2021-08-17 10:49:55:122891][taskExecutor-1] DEBUG net.lunalabs.hl7gw.emul.Emulator - 갑자기 클라이언트 소켓이 닫혔을 시
[2021-08-17 10:50:43:3365][restartedMain] DEBUG net.lunalabs.hl7gw.emul.Emulator - connected refused!!!
[2021-08-17 10:50:47:7646][restartedMain] INFO  net.lunalabs.hl7gw.emul.Emulator - [ESMLC Listen[] Socket Accept EsmlcIfWorkThread Start
[2021-08-17 10:50:47:7655][taskExecutor-1] DEBUG net.lunalabs.hl7gw.emul.Emulator - 첫번째  while문
[2021-08-17 10:53:13:153558][taskExecutor-1] DEBUG net.lunalabs.hl7gw.emul.Emulator - [gwEmulThread #100] TID[] byteCount :  201
[2021-08-17 10:53:13:153558][taskExecutor-1] DEBUG net.lunalabs.hl7gw.emul.Emulator - [gwEmulThread #200] TID[ 29] socketRead Start[#STX#{"deviceId":"CPM000","opCode":"FT100","trId":"47c65ee7-4d08-462e-bce0-2efeae4d96ba""filename":"/home/pi/HemoVista100/PatientData/patient1_202108121736/report.pdf}#ETX#], byteCount[201], i[0]
[2021-08-17 10:53:13:153558][taskExecutor-1] DEBUG net.lunalabs.hl7gw.emul.Emulator - [gwEmulThread #210] TID[#STX#{"deviceId":"CPM000","opCode":"FT100","trId":"47c65ee7-4d08-462e-bce0-2efeae4d96ba""filename":"/home/pi/HemoVista100/PatientData/patient1_202108121736/report.pdf}#ETX#] byteCount :  0
[2021-08-17 10:53:13:153559][taskExecutor-1] DEBUG net.lunalabs.hl7gw.emul.Emulator - #ETX#단위로 루프 돌기 전 result: #STX#{"deviceId":"CPM000","opCode":"FT100","trId":"47c65ee7-4d08-462e-bce0-2efeae4d96ba""filename":"/home/pi/HemoVista100/PatientData/patient1_202108121736/report.pdf}#ETX#
[2021-08-17 10:53:13:153559][taskExecutor-1] DEBUG net.lunalabs.hl7gw.emul.Emulator - indEtx: 172 result.length:  172
[2021-08-17 10:53:13:153559][taskExecutor-1] DEBUG net.lunalabs.hl7gw.emul.Emulator - 1차 가공: #STX#{"deviceId":"CPM000","opCode":"FT100","trId":"47c65ee7-4d08-462e-bce0-2efeae4d96ba""filename":"/home/pi/HemoVista100/PatientData/patient1_202108121736/report.pdf}#ETX#
[2021-08-17 10:53:13:153563][taskExecutor-1] DEBUG net.lunalabs.hl7gw.emul.Emulator - 2차 가공 result: #STX#{"deviceId":"CPM000","opCode":"FT100","trId":"47c65ee7-4d08-462e-bce0-2efeae4d96ba""filename":"/home/pi/HemoVista100/PatientData/patient1_202108121736/report.pdf}#ETX#
[2021-08-17 10:53:13:153563][taskExecutor-1] DEBUG net.lunalabs.hl7gw.emul.Emulator - #ETX# 개수: 1
[2021-08-17 10:53:13:153563][taskExecutor-1] DEBUG net.lunalabs.hl7gw.emul.Emulator - case4
[2021-08-17 10:53:13:153563][taskExecutor-1] DEBUG net.lunalabs.hl7gw.emul.Emulator - strMessage:#STX#{"deviceId":"CPM000","opCode":"FT100","trId":"47c65ee7-4d08-462e-bce0-2efeae4d96ba""filename":"/home/pi/HemoVista100/PatientData/patient1_202108121736/report.pdf}#ETX#
[2021-08-17 10:53:13:153563][taskExecutor-1] DEBUG net.lunalabs.hl7gw.emul.Emulator - [gwEmulThread #300] TID[ 29] socketRead Start[{"deviceId":"CPM000","opCode":"FT100","trId":"47c65ee7-4d08-462e-bce0-2efeae4d96ba""filename":"/home/pi/HemoVista100/PatientData/patient1_202108121736/report.pdf}]
[2021-08-17 10:53:13:153568][taskExecutor-1] DEBUG net.lunalabs.hl7gw.emul.Emulator - [gwEmulThread #220] TID[ 29] socketRead Start[#STX#{"deviceId":"CPM000","opCode":"FT100","trId":"47c65ee7-4d08-462e-bce0-2efeae4d96ba""filename":"/home/pi/HemoVista100/PatientData/patient1_202108121736/report.pdf}#ETX#], byteCount[0], i[1]
[2021-08-17 10:56:39:359444][taskExecutor-1] DEBUG net.lunalabs.hl7gw.emul.Emulator - [gwEmulThread #100] TID[] byteCount :  393
[2021-08-17 10:56:39:359445][taskExecutor-1] DEBUG net.lunalabs.hl7gw.emul.Emulator - [gwEmulThread #200] TID[ 29] socketRead Start[#STX#{"deviceId":"CPM000","opCode":"MS100","params":[{"paramName":"PP","paramType":"number","value":1234,"unit":"mL","timestampStart":"21.07.16-03:51:06.625","timestampEnd":"21.07.16-03:51:06.727",},],"sessionId":"Test_20210716_035105","trId":"1"}#ETX#], byteCount[393], i[0]
[2021-08-17 10:56:39:359445][taskExecutor-1] DEBUG net.lunalabs.hl7gw.emul.Emulator - [gwEmulThread #210] TID[#STX#{"deviceId":"CPM000","opCode":"MS100","params":[{"paramName":"PP","paramType":"number","value":1234,"unit":"mL","timestampStart":"21.07.16-03:51:06.625","timestampEnd":"21.07.16-03:51:06.727",},],"sessionId":"Test_20210716_035105","trId":"1"}#ETX#] byteCount :  0
[2021-08-17 10:56:39:359445][taskExecutor-1] DEBUG net.lunalabs.hl7gw.emul.Emulator - #ETX#단위로 루프 돌기 전 result: #STX#{"deviceId":"CPM000","opCode":"MS100","params":[{"paramName":"PP","paramType":"number","value":1234,"unit":"mL","timestampStart":"21.07.16-03:51:06.625","timestampEnd":"21.07.16-03:51:06.727",},],"sessionId":"Test_20210716_035105","trId":"1"}#ETX#
[2021-08-17 10:56:39:359445][taskExecutor-1] DEBUG net.lunalabs.hl7gw.emul.Emulator - indEtx: 252 result.length:  252
[2021-08-17 10:56:39:359445][taskExecutor-1] DEBUG net.lunalabs.hl7gw.emul.Emulator - 1차 가공: #STX#{"deviceId":"CPM000","opCode":"MS100","params":[{"paramName":"PP","paramType":"number","value":1234,"unit":"mL","timestampStart":"21.07.16-03:51:06.625","timestampEnd":"21.07.16-03:51:06.727",},],"sessionId":"Test_20210716_035105","trId":"1"}#ETX#
[2021-08-17 10:56:39:359445][taskExecutor-1] DEBUG net.lunalabs.hl7gw.emul.Emulator - 2차 가공 result: #STX#{"deviceId":"CPM000","opCode":"MS100","params":[{"paramName":"PP","paramType":"number","value":1234,"unit":"mL","timestampStart":"21.07.16-03:51:06.625","timestampEnd":"21.07.16-03:51:06.727",},],"sessionId":"Test_20210716_035105","trId":"1"}#ETX#
[2021-08-17 10:56:39:359445][taskExecutor-1] DEBUG net.lunalabs.hl7gw.emul.Emulator - #ETX# 개수: 1
[2021-08-17 10:56:39:359445][taskExecutor-1] DEBUG net.lunalabs.hl7gw.emul.Emulator - case4
[2021-08-17 10:56:39:359445][taskExecutor-1] DEBUG net.lunalabs.hl7gw.emul.Emulator - strMessage:#STX#{"deviceId":"CPM000","opCode":"MS100","params":[{"paramName":"PP","paramType":"number","value":1234,"unit":"mL","timestampStart":"21.07.16-03:51:06.625","timestampEnd":"21.07.16-03:51:06.727",},],"sessionId":"Test_20210716_035105","trId":"1"}#ETX#
[2021-08-17 10:56:39:359445][taskExecutor-1] DEBUG net.lunalabs.hl7gw.emul.Emulator - [gwEmulThread #300] TID[ 29] socketRead Start[{"deviceId":"CPM000","opCode":"MS100","params":[{"paramName":"PP","paramType":"number","value":1234,"unit":"mL","timestampStart":"21.07.16-03:51:06.625","timestampEnd":"21.07.16-03:51:06.727",},],"sessionId":"Test_20210716_035105","trId":"1"}]
[2021-08-17 10:56:39:359447][taskExecutor-1] DEBUG net.lunalabs.hl7gw.emul.Emulator - params 배열 [{"paramType":"number","timestampEnd":"21.07.16-03:51:06.727","unit":"mL","timestampStart":"21.07.16-03:51:06.625","paramName":"PP","value":1234}]
[2021-08-17 10:56:39:359448][taskExecutor-1] DEBUG net.lunalabs.hl7gw.emul.Emulator - [gwEmulThread #310] TID[ 29] opCode[MS100]
[2021-08-17 10:56:39:359453][taskExecutor-1] DEBUG net.lunalabs.hl7gw.emul.Emulator - jsonData: {"resultCode":"100","resultMsg":"Success","trId":"1"}
[2021-08-17 10:56:39:359453][taskExecutor-1] DEBUG net.lunalabs.hl7gw.emul.Emulator - [gwEmulThread #220] TID[ 29] socketRead Start[#STX#{"deviceId":"CPM000","opCode":"MS100","params":[{"paramName":"PP","paramType":"number","value":1234,"unit":"mL","timestampStart":"21.07.16-03:51:06.625","timestampEnd":"21.07.16-03:51:06.727",},],"sessionId":"Test_20210716_035105","trId":"1"}#ETX#], byteCount[0], i[1]
[2021-08-17 10:57:14:393767][taskExecutor-1] DEBUG net.lunalabs.hl7gw.emul.Emulator - [gwEmulThread #100] TID[] byteCount :  201
[2021-08-17 10:57:14:393768][taskExecutor-1] DEBUG net.lunalabs.hl7gw.emul.Emulator - [gwEmulThread #200] TID[ 29] socketRead Start[#STX#{"deviceId":"CPM000","opCode":"FT100","trId":"47c65ee7-4d08-462e-bce0-2efeae4d96ba""filename":"/home/pi/HemoVista100/PatientData/patient1_202108121736/report.pdf}#ETX#], byteCount[201], i[0]
[2021-08-17 10:57:14:393768][taskExecutor-1] DEBUG net.lunalabs.hl7gw.emul.Emulator - [gwEmulThread #210] TID[#STX#{"deviceId":"CPM000","opCode":"FT100","trId":"47c65ee7-4d08-462e-bce0-2efeae4d96ba""filename":"/home/pi/HemoVista100/PatientData/patient1_202108121736/report.pdf}#ETX#] byteCount :  0
[2021-08-17 10:57:14:393768][taskExecutor-1] DEBUG net.lunalabs.hl7gw.emul.Emulator - #ETX#단위로 루프 돌기 전 result: #STX#{"deviceId":"CPM000","opCode":"FT100","trId":"47c65ee7-4d08-462e-bce0-2efeae4d96ba""filename":"/home/pi/HemoVista100/PatientData/patient1_202108121736/report.pdf}#ETX#
[2021-08-17 10:57:14:393768][taskExecutor-1] DEBUG net.lunalabs.hl7gw.emul.Emulator - indEtx: 172 result.length:  172
[2021-08-17 10:57:14:393768][taskExecutor-1] DEBUG net.lunalabs.hl7gw.emul.Emulator - 1차 가공: #STX#{"deviceId":"CPM000","opCode":"FT100","trId":"47c65ee7-4d08-462e-bce0-2efeae4d96ba""filename":"/home/pi/HemoVista100/PatientData/patient1_202108121736/report.pdf}#ETX#
[2021-08-17 10:57:14:393768][taskExecutor-1] DEBUG net.lunalabs.hl7gw.emul.Emulator - 2차 가공 result: #STX#{"deviceId":"CPM000","opCode":"FT100","trId":"47c65ee7-4d08-462e-bce0-2efeae4d96ba""filename":"/home/pi/HemoVista100/PatientData/patient1_202108121736/report.pdf}#ETX#
[2021-08-17 10:57:14:393768][taskExecutor-1] DEBUG net.lunalabs.hl7gw.emul.Emulator - #ETX# 개수: 1
[2021-08-17 10:57:14:393768][taskExecutor-1] DEBUG net.lunalabs.hl7gw.emul.Emulator - case4
[2021-08-17 10:57:14:393768][taskExecutor-1] DEBUG net.lunalabs.hl7gw.emul.Emulator - strMessage:#STX#{"deviceId":"CPM000","opCode":"FT100","trId":"47c65ee7-4d08-462e-bce0-2efeae4d96ba""filename":"/home/pi/HemoVista100/PatientData/patient1_202108121736/report.pdf}#ETX#
[2021-08-17 10:57:14:393768][taskExecutor-1] DEBUG net.lunalabs.hl7gw.emul.Emulator - [gwEmulThread #300] TID[ 29] socketRead Start[{"deviceId":"CPM000","opCode":"FT100","trId":"47c65ee7-4d08-462e-bce0-2efeae4d96ba""filename":"/home/pi/HemoVista100/PatientData/patient1_202108121736/report.pdf}]
[2021-08-17 10:57:14:393769][taskExecutor-1] DEBUG net.lunalabs.hl7gw.emul.Emulator - [gwEmulThread #220] TID[ 29] socketRead Start[#STX#{"deviceId":"CPM000","opCode":"FT100","trId":"47c65ee7-4d08-462e-bce0-2efeae4d96ba""filename":"/home/pi/HemoVista100/PatientData/patient1_202108121736/report.pdf}#ETX#], byteCount[0], i[1]
[2021-08-17 10:57:33:412940][taskExecutor-1] DEBUG net.lunalabs.hl7gw.emul.Emulator - [gwEmulThread #100] TID[] byteCount :  201
[2021-08-17 10:57:33:412941][taskExecutor-1] DEBUG net.lunalabs.hl7gw.emul.Emulator - [gwEmulThread #200] TID[ 29] socketRead Start[#STX#{"deviceId":"CPM000","opCode":"FT100","trId":"47c65ee7-4d08-462e-bce0-2efeae4d96ba""filename":"/home/pi/HemoVista100/PatientData/patient1_202108121736/report.pdf}#ETX#], byteCount[201], i[0]
[2021-08-17 10:57:33:412941][taskExecutor-1] DEBUG net.lunalabs.hl7gw.emul.Emulator - [gwEmulThread #210] TID[#STX#{"deviceId":"CPM000","opCode":"FT100","trId":"47c65ee7-4d08-462e-bce0-2efeae4d96ba""filename":"/home/pi/HemoVista100/PatientData/patient1_202108121736/report.pdf}#ETX#] byteCount :  0
[2021-08-17 10:57:33:412941][taskExecutor-1] DEBUG net.lunalabs.hl7gw.emul.Emulator - #ETX#단위로 루프 돌기 전 result: #STX#{"deviceId":"CPM000","opCode":"FT100","trId":"47c65ee7-4d08-462e-bce0-2efeae4d96ba""filename":"/home/pi/HemoVista100/PatientData/patient1_202108121736/report.pdf}#ETX#
[2021-08-17 10:57:33:412941][taskExecutor-1] DEBUG net.lunalabs.hl7gw.emul.Emulator - indEtx: 172 result.length:  172
[2021-08-17 10:57:33:412941][taskExecutor-1] DEBUG net.lunalabs.hl7gw.emul.Emulator - 1차 가공: #STX#{"deviceId":"CPM000","opCode":"FT100","trId":"47c65ee7-4d08-462e-bce0-2efeae4d96ba""filename":"/home/pi/HemoVista100/PatientData/patient1_202108121736/report.pdf}#ETX#
[2021-08-17 10:57:33:412941][taskExecutor-1] DEBUG net.lunalabs.hl7gw.emul.Emulator - 2차 가공 result: #STX#{"deviceId":"CPM000","opCode":"FT100","trId":"47c65ee7-4d08-462e-bce0-2efeae4d96ba""filename":"/home/pi/HemoVista100/PatientData/patient1_202108121736/report.pdf}#ETX#
[2021-08-17 10:57:33:412941][taskExecutor-1] DEBUG net.lunalabs.hl7gw.emul.Emulator - #ETX# 개수: 1
[2021-08-17 10:57:33:412941][taskExecutor-1] DEBUG net.lunalabs.hl7gw.emul.Emulator - case4
[2021-08-17 10:57:33:412941][taskExecutor-1] DEBUG net.lunalabs.hl7gw.emul.Emulator - strMessage:#STX#{"deviceId":"CPM000","opCode":"FT100","trId":"47c65ee7-4d08-462e-bce0-2efeae4d96ba""filename":"/home/pi/HemoVista100/PatientData/patient1_202108121736/report.pdf}#ETX#
[2021-08-17 10:57:33:412941][taskExecutor-1] DEBUG net.lunalabs.hl7gw.emul.Emulator - [gwEmulThread #300] TID[ 29] socketRead Start[{"deviceId":"CPM000","opCode":"FT100","trId":"47c65ee7-4d08-462e-bce0-2efeae4d96ba""filename":"/home/pi/HemoVista100/PatientData/patient1_202108121736/report.pdf}]
[2021-08-17 10:57:33:412942][taskExecutor-1] DEBUG net.lunalabs.hl7gw.emul.Emulator - [gwEmulThread #220] TID[ 29] socketRead Start[#STX#{"deviceId":"CPM000","opCode":"FT100","trId":"47c65ee7-4d08-462e-bce0-2efeae4d96ba""filename":"/home/pi/HemoVista100/PatientData/patient1_202108121736/report.pdf}#ETX#], byteCount[0], i[1]
[2021-08-17 11:00:02:561966][taskExecutor-1] DEBUG net.lunalabs.hl7gw.emul.Emulator - 갑자기 클라이언트 소켓이 닫혔을 시
[2021-08-17 11:00:16:3348][restartedMain] DEBUG net.lunalabs.hl7gw.emul.Emulator - connected refused!!!
[2021-08-17 11:00:16:3639][restartedMain] INFO  net.lunalabs.hl7gw.emul.Emulator - [ESMLC Listen[] Socket Accept EsmlcIfWorkThread Start
[2021-08-17 11:00:16:3647][taskExecutor-1] DEBUG net.lunalabs.hl7gw.emul.Emulator - 첫번째  while문
[2021-08-17 11:00:31:18671][taskExecutor-1] DEBUG net.lunalabs.hl7gw.emul.Emulator - [gwEmulThread #100] TID[] byteCount :  201
[2021-08-17 11:00:31:18671][taskExecutor-1] DEBUG net.lunalabs.hl7gw.emul.Emulator - [gwEmulThread #200] TID[ 29] socketRead Start[#STX#{"deviceId":"CPM000","opCode":"FT100","trId":"47c65ee7-4d08-462e-bce0-2efeae4d96ba""filename":"/home/pi/HemoVista100/PatientData/patient1_202108121736/report.pdf}#ETX#], byteCount[201], i[0]
[2021-08-17 11:00:31:18671][taskExecutor-1] DEBUG net.lunalabs.hl7gw.emul.Emulator - [gwEmulThread #210] TID[#STX#{"deviceId":"CPM000","opCode":"FT100","trId":"47c65ee7-4d08-462e-bce0-2efeae4d96ba""filename":"/home/pi/HemoVista100/PatientData/patient1_202108121736/report.pdf}#ETX#] byteCount :  0
[2021-08-17 11:00:31:18671][taskExecutor-1] DEBUG net.lunalabs.hl7gw.emul.Emulator - #ETX#단위로 루프 돌기 전 result: #STX#{"deviceId":"CPM000","opCode":"FT100","trId":"47c65ee7-4d08-462e-bce0-2efeae4d96ba""filename":"/home/pi/HemoVista100/PatientData/patient1_202108121736/report.pdf}#ETX#
[2021-08-17 11:00:31:18671][taskExecutor-1] DEBUG net.lunalabs.hl7gw.emul.Emulator - indEtx: 172 result.length:  172
[2021-08-17 11:00:31:18671][taskExecutor-1] DEBUG net.lunalabs.hl7gw.emul.Emulator - 1차 가공: #STX#{"deviceId":"CPM000","opCode":"FT100","trId":"47c65ee7-4d08-462e-bce0-2efeae4d96ba""filename":"/home/pi/HemoVista100/PatientData/patient1_202108121736/report.pdf}#ETX#
[2021-08-17 11:00:31:18674][taskExecutor-1] DEBUG net.lunalabs.hl7gw.emul.Emulator - 2차 가공 result: #STX#{"deviceId":"CPM000","opCode":"FT100","trId":"47c65ee7-4d08-462e-bce0-2efeae4d96ba""filename":"/home/pi/HemoVista100/PatientData/patient1_202108121736/report.pdf}#ETX#
[2021-08-17 11:00:31:18675][taskExecutor-1] DEBUG net.lunalabs.hl7gw.emul.Emulator - #ETX# 개수: 1
[2021-08-17 11:00:31:18675][taskExecutor-1] DEBUG net.lunalabs.hl7gw.emul.Emulator - case4
[2021-08-17 11:00:31:18675][taskExecutor-1] DEBUG net.lunalabs.hl7gw.emul.Emulator - strMessage:#STX#{"deviceId":"CPM000","opCode":"FT100","trId":"47c65ee7-4d08-462e-bce0-2efeae4d96ba""filename":"/home/pi/HemoVista100/PatientData/patient1_202108121736/report.pdf}#ETX#
[2021-08-17 11:00:31:18675][taskExecutor-1] DEBUG net.lunalabs.hl7gw.emul.Emulator - [gwEmulThread #300] TID[ 29] socketRead Start[{"deviceId":"CPM000","opCode":"FT100","trId":"47c65ee7-4d08-462e-bce0-2efeae4d96ba""filename":"/home/pi/HemoVista100/PatientData/patient1_202108121736/report.pdf}]
[2021-08-17 11:00:31:18679][taskExecutor-1] DEBUG net.lunalabs.hl7gw.emul.Emulator - [gwEmulThread #220] TID[ 29] socketRead Start[#STX#{"deviceId":"CPM000","opCode":"FT100","trId":"47c65ee7-4d08-462e-bce0-2efeae4d96ba""filename":"/home/pi/HemoVista100/PatientData/patient1_202108121736/report.pdf}#ETX#], byteCount[0], i[1]
[2021-08-17 11:04:25:253000][taskExecutor-1] DEBUG net.lunalabs.hl7gw.emul.Emulator - [gwEmulThread #100] TID[] byteCount :  202
[2021-08-17 11:04:25:253000][taskExecutor-1] DEBUG net.lunalabs.hl7gw.emul.Emulator - [gwEmulThread #200] TID[ 29] socketRead Start[#STX#{"deviceId":"CPM000","opCode":"FT100","trId":"47c65ee7-4d08-462e-bce0-2efeae4d96ba""filename":"/home/pi/HemoVista100/PatientData/patient1_202108121736/report.pdf"}#ETX#], byteCount[202], i[0]
[2021-08-17 11:04:25:253000][taskExecutor-1] DEBUG net.lunalabs.hl7gw.emul.Emulator - [gwEmulThread #210] TID[#STX#{"deviceId":"CPM000","opCode":"FT100","trId":"47c65ee7-4d08-462e-bce0-2efeae4d96ba""filename":"/home/pi/HemoVista100/PatientData/patient1_202108121736/report.pdf"}#ETX#] byteCount :  0
[2021-08-17 11:04:25:253000][taskExecutor-1] DEBUG net.lunalabs.hl7gw.emul.Emulator - #ETX#단위로 루프 돌기 전 result: #STX#{"deviceId":"CPM000","opCode":"FT100","trId":"47c65ee7-4d08-462e-bce0-2efeae4d96ba""filename":"/home/pi/HemoVista100/PatientData/patient1_202108121736/report.pdf"}#ETX#
[2021-08-17 11:04:25:253000][taskExecutor-1] DEBUG net.lunalabs.hl7gw.emul.Emulator - indEtx: 173 result.length:  173
[2021-08-17 11:04:25:253000][taskExecutor-1] DEBUG net.lunalabs.hl7gw.emul.Emulator - 1차 가공: #STX#{"deviceId":"CPM000","opCode":"FT100","trId":"47c65ee7-4d08-462e-bce0-2efeae4d96ba""filename":"/home/pi/HemoVista100/PatientData/patient1_202108121736/report.pdf"}#ETX#
[2021-08-17 11:04:25:253000][taskExecutor-1] DEBUG net.lunalabs.hl7gw.emul.Emulator - 2차 가공 result: #STX#{"deviceId":"CPM000","opCode":"FT100","trId":"47c65ee7-4d08-462e-bce0-2efeae4d96ba""filename":"/home/pi/HemoVista100/PatientData/patient1_202108121736/report.pdf"}#ETX#
[2021-08-17 11:04:25:253001][taskExecutor-1] DEBUG net.lunalabs.hl7gw.emul.Emulator - #ETX# 개수: 1
